\BOOKMARK [0][-]{chapter.1}{ഇസ്‌ലാമും ഭീകരവാദവും}{}% 1
\BOOKMARK [1][-]{section.1.1}{ ലോകമെങ്ങുമുള്ള മുസ്‌ലിംകള്‍ ഭീകരവാദികളും തീവ്രവാദികളുമാകാന്‍ കാരണം ഇസ്‌ലാമല്ലേ?}{chapter.1}% 2
\BOOKMARK [0][-]{chapter.2}{ബലിയുടെ ആത്മാവ് }{}% 3
\BOOKMARK [1][-]{section.2.1}{എന്നാലും ഹജ്ജിലും പെരുന്നാളിലും നടത്തുന്ന ബലികര്‍മം ശരിയാണോ? എന്തിനാണിത്ര കൂടുതല്‍ ജീവികളെ കൊല്ലുന്നത്?}{chapter.2}% 4
\BOOKMARK [0][-]{chapter.3}{ബലികര്‍മവും ജീവകാരുണ്യവും }{}% 5
\BOOKMARK [1][-]{section.3.1}{കാരുണ്യത്തെക്കുറിച്ച് ഏറെ പറയുന്ന ഇസ്‌ലാം മൃഗങ്ങളോടും മറ്റു ജീവികളോടും കാണിക്കാറുള്ളത് ക്രൂരതയല്ലേ? അവയെ അറുക്കുന്നത് ശരിയാണോ?}{chapter.3}% 6
\BOOKMARK [0][-]{chapter.4}{സ്ത്രീക്ക് ഭരണരാഷ്ട്രീയ പങ്കാളിത്തം പാടില്ലേ? }{}% 7
\BOOKMARK [1][-]{section.4.1}{ സ്ത്രീകള്‍ ഭരണരാഷ്ട്രീയ രംഗങ്ങളില്‍ പങ്കുവഹിക്കുന്നതിനെ ഇസ്‌ലാം വിലക്കുന്നുണ്ടോ? മുസ്‌ലിം സ്ത്രീകള്‍ ഭരണാധികാരികളാകാന്‍ പാടില്ലെന്ന് പറഞ്ഞുകേള്‍ക്കുന്നത് ശരിയാണോ?}{chapter.4}% 8
\BOOKMARK [0][-]{chapter.5}{പൊതുജീവിതത്തിലെ സ്ത്രീ പങ്കാളിത്തം }{}% 9
\BOOKMARK [1][-]{section.5.1}{ സ്ത്രീകളെ പൊതുജീവിതത്തില്‍നിന്ന് മാറ്റിനിര്‍ത്തുകയും അടുക്കളയില്‍ തളച്ചിടുകയുമല്ലേ ഇസ്‌ലാം ചെയ്യുന്നത്?}{chapter.5}% 10
\BOOKMARK [0][-]{chapter.6}{സ്ത്രീയുടെ സാക്ഷ്യം }{}% 11
\BOOKMARK [1][-]{section.6.1}{ സാക്ഷ്യത്തിന് ഒരാണിനു പകരം രണ്ട് സ്ത്രീ വേണമെന്നാണല്ലോ ഇസ്‌ലാമിക നിയമം. ഇത് സ്ത്രീയോടുള്ള അനീതിയും വിവേചനവും പുരുഷമേധാവിത്വപരമായ സമീപനവുമല്ലേ?}{chapter.6}% 12
\BOOKMARK [0][-]{chapter.7}{സ്ത്രീയുടെ അനുവാദമില്ലാതെ അവളുടെ വിവാഹം }{}% 13
\BOOKMARK [1][-]{section.7.1}{സ്ത്രീയുടെ അനുവാദമോ സമ്മതമോ ഇല്ലാതെ അവളെ കല്യാണം കഴിച്ചുകൊടുക്കാന്‍ രക്ഷിതാക്കള്‍ക്ക് ഇസ്‌ലാം അനുവാദം നല്‍കുന്നുണ്ടെന്ന് പറയുന്നത് ശരിയാണോ?}{chapter.7}% 14
\BOOKMARK [0][-]{chapter.8}{സ്ത്രീക്ക് പുരുഷന്റെ പാതി സ്വത്ത് }{}% 15
\BOOKMARK [1][-]{section.8.1}{സ്ത്രീക്ക് പുരുഷന്റെ പാതിസ്വത്തല്ലേ ഇസ്‌ലാം അനുവദിക്കുന്നുള്ളൂ. ഇത് കടുത്ത അനീതിയും കൊടിയ വിവേചനവുമല്ലേ?}{chapter.8}% 16
\BOOKMARK [0][-]{chapter.9}{പര്‍ദ നിര്‍ബന്ധമാക്കുക വഴി ഇസ്ലാം സ്ത്രീകളെ പീഡിപ്പിക്കുകയല്ലേ? }{}% 17
\BOOKMARK [1][-]{section.9.1}{പര്‍ദ നിര്‍ബന്ധമാക്കുക വഴി ഇസ്‌ലാം സ്ത്രീകളെ പീഡിപ്പിക്കുകയല്ലേ ചെയ്യുന്നത്? മുസ്‌ലിം സ്ത്രീകളുടെ പിന്നാക്കാവസ്ഥക്ക് പ്രധാന കാരണം പര്‍ദയല്ലേ?}{chapter.9}% 18
\BOOKMARK [1][-]{section.9.2}{'സ്ത്രീകള്‍ക്ക് പര്‍ദ നിര്‍ബന്ധമാക്കുകയും പുരുഷന്മാരെ അതില്‍നിന്നൊഴിവാക്കുകയും ചെയ്തത് തികഞ്ഞ വിവേചനമല്ലേ?''}{chapter.9}% 19
\BOOKMARK [0][-]{chapter.10}{എന്തുകൊണ്ട് സ്ത്രീപ്രവാചകന്മാരില്ല? }{}% 20
\BOOKMARK [1][-]{section.10.1}{ ദൈവത്തിങ്കല്‍ ലിംഗവിവേചനമില്ലെങ്കില്‍ എന്തുകൊണ്ട് സ്ത്രീ പ്രവാചകന്മാരെ നിയോഗിച്ചില്ല?}{chapter.10}% 21
\BOOKMARK [0][-]{chapter.11}{ഇസ്‌ലാം പുരുഷമേധാവിത്വത്തിന്റെ മതമോ? }{}% 22
\BOOKMARK [1][-]{section.11.1}{ ഇസ്‌ലാം പുരുഷമേധാവിത്വപരമല്ലേ? ഖുര്‍ആന്‍ നാലാം അധ്യായം 34ാം വാക്യം തന്നെ ഇതിനു തെളിവാണല്ലോ?}{chapter.11}% 23
\BOOKMARK [0][-]{chapter.12}{സ്ത്രീയുടെ പദവി ഇസ്‌ലാമില്‍ }{}% 24
\BOOKMARK [1][-]{section.12.1}{ഇസ്‌ലാമില്‍ സ്ത്രീപുരുഷ സമത്വമുണ്ടോ? സ്ത്രീയുടെ പദവി പുരുഷന്റേതിനേക്കാള്‍ വളരെ താഴെയല്ലേ?}{chapter.12}% 25
\BOOKMARK [0][-]{chapter.13}{ജിസ്‌യ }{}% 26
\BOOKMARK [1][-]{section.13.1}{ ഇസ്‌ലാമികരാഷ്ട്രം അമുസ്‌ലിം പൗരന്മാരില്‍നിന്ന് ജിസ്‌യ എന്ന മതനികുതി ഈടാക്കാറില്ലേ? അത് കടുത്ത വിവേചനവും അനീതിയുമല്ലേ?}{chapter.13}% 27
\BOOKMARK [0][-]{chapter.14}{ഗള്‍ഫുനാടുകളിലെ ക്ഷേത്രവിലക്ക് }{}% 28
\BOOKMARK [1][-]{section.14.1}{ഗള്‍ഫ്‌നാടുകളില്‍ ഹിന്ദുക്കളെ ക്ഷേത്രം പണിയാന്‍ അനുവദിക്കാത്തതെന്തുകൊണ്ടാണ്?}{chapter.14}% 29
\BOOKMARK [0][-]{chapter.15}{മുസ്‌ലിം രാജ്യത്തില്‍ ക്ഷേത്രങ്ങള്‍ക്ക് അനുവാദമുണ്ടോ? }{}% 30
\BOOKMARK [1][-]{section.15.1}{ മതേതരനാടുകളിലേതുപോലെയോ കൂടുതലായോ മതന്യൂനപക്ഷങ്ങള്‍ക്ക് ഇസ്‌ലാമികരാഷ്ട്രത്തില്‍ മതസ്വാതന്ത്യ്രമുണ്ടാകുമെന്ന് താങ്കള്‍ അവകാശപ്പെടുകയുണ്ടായല്ലോ? എന്നാല്‍ ലോകത്ത് ഏതെങ്കിലും മുസ്‌ലിം രാജ്യത്ത് ഹിന്ദുക്കള്‍ക്ക് ക്ഷേത്രം നിര്‍മിക്കാന്‍ അനുവാദമുണ്ടോ? പാകിസ്താനിലും ബംഗ്‌ളാദേശിലുമെല്ലാം ഉള്ളവതന്നെ തകര്‍ക്കുകയല്ലേ ചെയ്യുന്നത്?}{chapter.15}% 31
\BOOKMARK [0][-]{chapter.16}{ഇസ്‌ലാമിക ഭരണത്തിലെ മതന്യൂനപക്ഷങ്ങള്‍ }{}% 32
\BOOKMARK [1][-]{section.16.1}{ ഇന്ത്യയില്‍ ഭൂരിപക്ഷം ഹിന്ദുക്കളായതിനാലല്ലേ എല്ലാ മതക്കാര്‍ക്കും തുല്യാവകാശം നല്‍കുന്ന സെക്കുലരിസം ഇവിടെ നിലനില്‍ക്കുന്നത്? ഭൂരിപക്ഷം മുസ്‌ലിംകളായിരുന്നുവെങ്കില്‍ ഇന്ത്യയും മതാധിഷ്ഠിത ഇസ്‌ലാമിക രാഷ്ട്രമാവുകയും മറ്റു മതാനുയായികള്‍ രണ്ടാംതരം പൌരന്‍മാരാവുകയോ മതംമാറാന്‍ നിര്‍ബന്ധിതരാവുകയോ ചെയ്യുമായിരുന്നില്ലേ?}{chapter.16}% 33
\BOOKMARK [0][-]{chapter.17}{ഇസ്‌ലാമിന്റെ പ്രചാരണവും ആയുധപ്രയോഗവും}{}% 34
\BOOKMARK [1][-]{section.17.1}{ ഇന്ത്യയില്‍ മുസ്‌ലിംകള്‍ ന്യൂനപക്ഷമായതിനാലല്ലേ ഞങ്ങള്‍ക്കെതിരെ ജിഹാദ് നടത്താത്തത്? ഇസ്‌ലാം കാഫിറുകള്‍ക്കെതിരെ ജിഹാദ് ചെയ്യാന്‍ കല്‍പിക്കുന്നില്ലേ?}{chapter.17}% 35
\BOOKMARK [0][-]{chapter.18}{ഖുര്‍ആന്‍ വാക്യങ്ങളില്‍ വൈരുധ്യമോ? }{}% 36
\BOOKMARK [1][-]{section.18.1}{ കാര്യങ്ങളെല്ലാം നടക്കുക ദൈവവിധിയനുസരിച്ചാണെന്ന് കാണിക്കുന്ന കുറേ ഖുര്‍ആന്‍ വാക്യങ്ങളും മനുഷ്യകര്‍മങ്ങള്‍ക്കനുസൃതമായ ഫലമാണുണ്ടാവുകയെന്ന് വ്യക്തമാക്കുന്ന നിരവധി വചനങ്ങളും തെളിയിക്കുന്നത്, വിധിവിശ്വാസത്തെ സംബന്ധിച്ച ഖുര്‍ആന്‍ വാക്യങ്ങളില്‍ പരസ്പര വൈരുധ്യമുണ്ടെന്നല്ലേ?}{chapter.18}% 37
\BOOKMARK [0][-]{chapter.19}{വിധിവിശ്വാസം ഭൗതികവാദത്തിലും ഇസ്‌ലാമിലും}{}% 38
\BOOKMARK [1][-]{section.19.1}{ദൈവം സര്‍വശക്തനും സര്‍വജ്ഞനുമാണല്ലോ. എങ്കില്‍ ലോകത്തിലെ മനുഷ്യരെല്ലാം എവ്വിധമായിരിക്കുമെന്നും എങ്ങനെയാണ് ജീവിക്കുകയെന്നും ദൈവത്തിന് മുന്‍കൂട്ടി അറിയില്ലേ? ദിവ്യജ്ഞാനത്തിന് തെറ്റുപറ്റാനിടയില്ലാത്തതിനാല്‍ എല്ലാം മുന്‍കൂട്ടി ദൈവം തീരുമാനിച്ചു വച്ചിട്ടുണ്ടെന്നും അതിലൊട്ടും മാറ്റം വരുത്താനാര്‍ക്കും സാധ്യമല്ലെന്നുമല്ലേ ഇതിനര്‍ഥം? ദൈവവിധിക്കനുസൃതമായി ചരിക്കുന്ന മനുഷ്യന്‍ തീര്‍ത്തും അസ്വതന്ത്രനല്ലേ? പിന്നെ, നിര്‍ബന്ധിതമായി ചെയ്യുന്ന കര്‍മങ്ങളുടെ പേരില്‍ അവനെ ശിക്ഷിക്കുന്നത് നീതിയാണോ?}{chapter.19}% 39
\BOOKMARK [1][-]{section.19.2}{വിധിവിശ്വാസം ഇസ്‌ലാമിക വീക്ഷണത്തില്‍}{chapter.19}% 40
\BOOKMARK [1][-]{section.19.3}{വിധിവിശ്വാസവും മനഃശാന്തിയും}{chapter.19}% 41
\BOOKMARK [0][-]{chapter.20}{ക്ഷേത്രപ്രദക്ഷിണവും കഅ്ബാ ത്വവാഫും}{}% 42
\BOOKMARK [1][-]{section.20.1}{ ഹിന്ദുക്കള്‍ ക്ഷേത്രത്തിനു ചുറ്റും പ്രദക്ഷിണം ചെയ്യുന്നപോലെത്തന്നെയല്ലേ മുസ്‌ലിംകള്‍ കഅ്ബക്കു ചുറ്റും കറങ്ങുന്നത്?}{chapter.20}% 43
\BOOKMARK [0][-]{chapter.21}{ദൈവം കഅ്ബയിലോ? }{}% 44
\BOOKMARK [1][-]{section.21.1}{ മുസ്‌ലിംകള്‍ എന്തിനാണ് നമസ്‌കാരത്തില്‍ കഅ്ബയിലേക്ക് തിരിഞ്ഞുനില്‍ക്കുന്നത്? കഅ്ബയിലാണോ ദൈവം? അല്ലെങ്കില്‍ കഅ്ബ ദൈവത്തിന്റെ പ്രതീകമോ പ്രതിഷ്ഠയോ?}{chapter.21}% 45
\BOOKMARK [1][-]{section.21.2}{'എന്തിനാണ് മുസ്‌ലിംകള്‍ കഅ്ബക്കു ചുറ്റും കറങ്ങുന്നത്? എന്താണ് അതിന്റെ പ്രയോജനം? ഒരര്‍ഥവുമില്ലാത്ത ആചാരമല്ലേ അത്?'}{chapter.21}% 46
\BOOKMARK [0][-]{chapter.22}{ആറാം നൂറ്റാണ്ടിലെ മതം! }{}% 47
\BOOKMARK [1][-]{section.22.1}{പതിനാലു നൂറ്റാണ്ടിനകം ലോകം വിവരിക്കാനാവാത്ത വിധം മാറി. പുരോഗതിയുടെ പാരമ്യതയിലെത്തിയ ആധുനിക പരിഷ്‌കൃതയുഗത്തില്‍ ആറാം നൂറ്റാണ്ടിലെ മതവുമായി നടക്കുന്നത് വിഡ്ഢിത്തമല്ലേ?}{chapter.22}% 48
\BOOKMARK [0][-]{chapter.23}{ എന്തുകൊണ്ടിപ്പോള്‍ ദൈവദൂതന്‍മാര്‍ വരുന്നില്ല? }{}% 49
\BOOKMARK [1][-]{section.23.1}{ നബിതിരുമേനി ദൈവത്തിന്റെ അന്ത്യദൂതനായതെന്തുകൊണ്ട്? ദൈവത്തിന്റെ മാര്‍ഗദര്‍ശനം ഇന്നും ആവശ്യമല്ലേ? എങ്കില്‍ എന്തുകൊണ്ടിപ്പോള്‍ ദൈവദൂതന്മാരുണ്ടാകുന്നില്ല?}{chapter.23}% 50
\BOOKMARK [0][-]{chapter.24}{പ്രവാചകന്‍ മതസ്ഥാപകനല്ല }{}% 51
\BOOKMARK [1][-]{section.24.1}{}{chapter.24}% 52
\BOOKMARK [0][-]{chapter.25}{മതമേതായാലും മനുഷ്യന്‍ നന്നായാല്‍ പോരേ? }{}% 53
\BOOKMARK [1][-]{section.25.1}{ മതം ദൈവികമാണെങ്കില്‍ ലോകത്ത് വിവിധ മതങ്ങളുണ്ടായത് എന്തുകൊണ്ട്? വ്യത്യസ്ത ദേശക്കാര്‍ക്കും കാലക്കാര്‍ക്കും വെവ്വേറെ മതമാണോ ദൈവം നല്‍കിയത്? അങ്ങനെയാണെങ്കില്‍ തന്നെ വിവിധ മതങ്ങള്‍ക്കിടയില്‍ പരസ്പര ഭിന്നതയും വൈരുധ്യവും ഉണ്ടാവാന്‍ കാരണമെന്ത്?}{chapter.25}% 54
\BOOKMARK [1][-]{section.25.2}{'നദികള്‍ പലയിടങ്ങളിലും നിന്നാരംഭിച്ച് പല വഴികളിലൂടെ ഒഴുകി സമുദ്രത്തിലെത്തുന്നു. ആ വിധം മനുഷ്യന്‍ വ്യത്യസ്ത മാര്‍ഗമവലംബിച്ച് ദൈവത്തിലെത്തുന്നു. അതിനാല്‍ ശ്രീനാരായണഗുരു പറഞ്ഞപോലെ 'മതമേതായാലും മനുഷ്യന്‍ നന്നായാല്‍ മതി'യെന്നതല്ലേ ശരി?''}{chapter.25}% 55
\BOOKMARK [1][-]{section.25.3}{ഏത് മതവും സ്വീകരിക്കാമെന്ന് ഖുര്‍ആനില്‍ തന്നെ ഉണ്ടല്ലോ. ഖുര്‍ആന്‍ 2: 62ല്‍ ഇങ്ങനെ കാണാം: 'ഉറപ്പായി അറിയുക: ഈ പ്രവാചകനില്‍ വിശ്വസിച്ചവരോ ജൂതന്മാരോ ക്രിസ്ത്യാനികളോ സാബികളോ ആരുമാവട്ടെ, അല്ലാഹുവിലും അന്ത്യദിനത്തിലും വിശ്വസിക്കുകയും സല്‍ക്കര്‍മങ്ങളനുഷ്ഠിക്കുകയും ചെയ്യുന്നവര്‍ക്ക് അവരുടെ രക്ഷിതാവിങ്കല്‍ പ്രതിഫലമുണ്ട്. അവര്‍ ഭയപ്പെടാനോ ദുഃഖിക്കാനോ ഇടയാവുന്നതല്ല'. ഇതിനെക്കുറിച്ച് എന്തു പറയുന്നു?''}{chapter.25}% 56
\BOOKMARK [0][-]{chapter.26}{ഇസ്‌ലാമും പരിണാമസിദ്ധാന്തവും }{}% 57
\BOOKMARK [1][-]{section.26.1}{ ശാസ്ത്രവിരുദ്ധമായി ഒന്നും ഇസ്‌ലാമിലില്ലെന്നാണല്ലോ പറയപ്പെടുന്നത്. എങ്കില്‍ ഇസ്‌ലാം പരിണാമസിദ്ധാന്തത്തെ അംഗീകരിക്കുന്നുണ്ടോ?}{chapter.26}% 58
\BOOKMARK [0][-]{chapter.27}{ഖുര്‍ആന്‍ ദൈവികഗ്രന്ഥമോ? }{}% 59
\BOOKMARK [1][-]{section.27.1}{ഖുര്‍ആന്‍ ദൈവികഗ്രന്ഥമാണെന്നാണല്ലോ മു്‌സ്‌ലിംകള്‍ അവകാശപ്പെടാറുള്ളത്. അത് മുഹമ്മദിന്റെ രചനയല്ലെന്നും ദൈവികമാണെന്നും എങ്ങനെയാണ് മനസ്സിലാവുക? എന്താണതിന് തെളിവ്?}{chapter.27}% 60
\BOOKMARK [1][-]{section.27.2}{'ഖുര്‍ആന്‍ ദൈവികമെന്നതിന് മുഴുവന്‍ തെളിവുകളും ഖുര്‍ആനില്‍നിന്നുള്ളവയാണല്ലോ. ഇതെങ്ങനെയാണ് സ്വീകാര്യമാവുക?''}{chapter.27}% 61
\BOOKMARK [0][-]{chapter.28}{ഖുര്‍ആന്‍ ബൈബിളിന്റെ അനുകരണമോ? }{}% 62
\BOOKMARK [1][-]{section.28.1}{ മുഹമ്മദ് തന്റെ കാലത്തെ യഹൂദെ്രെകസ്തവ പണ്ഡിതന്മാരുമായി ബന്ധപ്പെട്ട് പഠിച്ച കാര്യങ്ങള്‍ സ്വന്തം ഭാഷയിലും ശൈലിയിലും അവതരിപ്പിക്കുകയാണുണ്ടായത്. പൂര്‍വസമൂഹങ്ങളെ സംബന്ധിച്ച ഖുര്‍ആന്റെയും ബൈബിളിന്റെയും വിവരണം ഒരേ വിധമാവാന്‍ കാരണം അതാണ് ഒന്നിലേറെ ഇംഗ്‌ളീഷ് പുസ്തകങ്ങളില്‍ ഈ വിധമുള്ള പരാമര്‍ശം വായിക്കാനിടയായി. ഇതിനെക്കുറിച്ച് എന്തു പറയുന്നു?}{chapter.28}% 63
\BOOKMARK [0][-]{chapter.29}{വേദവും ഗീതയും ദൈവികമോ? }{}% 64
\BOOKMARK [1][-]{section.29.1}{ഇന്ത്യയിലെ ഹൈന്ദവവേദങ്ങള്‍ ദൈവികമാണെന്ന് അംഗീകരിക്കുന്നുണ്ടോ?}{chapter.29}% 65
\BOOKMARK [0][-]{chapter.30}{പരലോക വിശ്വാസവും പുനര്‍ജന്മസങ്കല്‍പവും }{}% 66
\BOOKMARK [1][-]{section.30.1}{ഇസ്‌ലാമിലെ പരലോക വിശ്വാസവും ഹിന്ദുമതത്തിലെ പുനര്‍ജന്മ സങ്കല്‍പവും തമ്മില്‍ വല്ല വ്യത്യാസവുമുണ്ടോ? ഉണ്ടെങ്കില്‍ എന്താണ്? പുനര്‍ജന്മ സങ്കല്‍പത്തെ ഇസ്‌ലാം അംഗീകരിക്കുന്നുണ്ടോ? ഇല്ലെങ്കില്‍ എന്തുകൊണ്ട്?}{chapter.30}% 67
\BOOKMARK [0][-]{chapter.31}{ഭൂമിയിലെ വൈകല്യം സ്വര്‍ഗത്തിലുമുണ്ടാകുമോ? }{}% 68
\BOOKMARK [1][-]{section.31.1}{ ഭൂമിയിലെ അതേ അവസ്ഥയിലായിരിക്കുമോ മനുഷ്യരെല്ലാം പരലോകത്തും? വികലാംഗരും വിരൂപരുമെല്ലാം ആ വിധം തന്നെയാകുമോ?}{chapter.31}% 69
\BOOKMARK [1][-]{section.31.2}{ അങ്ങനെയാണെങ്കില്‍ അല്‍പകാലം കഴിയുമ്പോള്‍ സ്വര്‍ഗജീവിതത്തോടും മടുപ്പനുഭവപ്പെടുമല്ലോ?}{chapter.31}% 70
\BOOKMARK [1][-]{section.31.3}{ഇസ്‌ലാം വിഭാവന ചെയ്യുന്ന സ്വര്‍ഗത്തെ സംബന്ധിച്ച വിവരണം കേട്ടപ്പോഴെല്ലാം അത് സമ്പന്ന സമൂഹത്തിന്റെ സുഖസമൃദ്ധമായ ജീവിതത്തിന് സമാനമായാണനുഭവപ്പെട്ടത്. ഭൂമിയിലെ ജീവിതം പോലെത്തന്നെയാണോ സ്വര്‍ഗജീവിതവും?}{chapter.31}% 71
\BOOKMARK [0][-]{chapter.32}{സുകര്‍മികളെല്ലാം സ്വര്‍ഗാവകാശികളാവേണ്ടതല്ലേ? }{}% 72
\BOOKMARK [1][-]{section.32.1}{ ഒരാള്‍ ദൈവത്തിലും മരണാനന്തര ജീവിതത്തിലുമൊന്നും വിശ്വസിക്കുന്നില്ല. അതേസമയം മദ്യപിക്കുകയോ വ്യഭിചരിക്കുകയോ ചെയ്യുന്നില്ല. ആരെയും ദ്രോഹിക്കുന്നില്ല. എല്ലാവര്‍ക്കും സാധ്യമാവുന്നത്ര ഉപകാരം ചെയ്ത് ജീവിക്കുന്നു. അയാള്‍ക്ക് സ്വര്‍ഗം ലഭിക്കുമോ?}{chapter.32}% 73
\BOOKMARK [0][-]{chapter.33}{അമുസ്‌ലിംകളെല്ലാം നരകത്തിലോ? }{}% 74
\BOOKMARK [1][-]{section.33.1}{ മുസ്‌ലിം സമുദായത്തില്‍ ജനിക്കുന്നവര്‍ക്ക് ദൈവത്തെയും പ്രവാചകനെയും വേദഗ്രന്ഥത്തെയും സ്വര്‍ഗനരകങ്ങളെയും സംബന്ധിച്ച അറിവ് സ്വാഭാവികമായും ലഭിക്കും. മറ്റുള്ളവര്‍ക്കത് കിട്ടുകയില്ല. അതിനാല്‍ ആ അറിവ് ലഭിക്കാത്തതിന്റെ പേരില്‍ അതനുസരിച്ച് ജീവിക്കാന്‍ സാധിക്കാത്തവരൊക്കെ നരകത്തിലായിരിക്കുമെന്നാണോ പറയുന്നത്?}{chapter.33}% 75
\BOOKMARK [0][-]{chapter.34}{പരലോകത്തും സംവരണമോ? }{}% 76
\BOOKMARK [1][-]{section.34.1}{മുസ്‌ലിംകള്‍ മാത്രമേ സ്വര്‍ഗത്തില്‍ പ്രവേശിക്കുകയുള്ളൂവെന്നല്ലേ ഇസ്‌ലാം പറയുന്നത്? ഇത് തീര്‍ത്തും സങ്കുചിത വീക്ഷണമല്ലേ? പരലോകത്തും സംവരണമോ?}{chapter.34}% 77
\BOOKMARK [0][-]{chapter.35}{പരലോകം പരമാര്‍ഥമോ? }{}% 78
\BOOKMARK [1][-]{section.35.1}{മനുഷ്യന്‍ മരണമടഞ്ഞാല്‍ ചിലര്‍ മണ്ണില്‍ മറവുചെയ്യുന്നു. ഏറെ വൈകാതെ മൃതശരീരം മണ്ണോടു ചേരുന്നു. വേറെ ചിലര്‍ ജഡം ചിതയില്‍ ദഹിപ്പിക്കുന്നു. അതോടെ അത് ചാരമായി മാറുന്നു. നദിയിലൊഴുക്കപ്പെടുന്ന ശവശരീരങ്ങളെ മത്സ്യം വെട്ടിവിഴുങ്ങുകയും ചെയ്യുന്നു. ഈ വിധം അപ്രത്യക്ഷരാവുന്ന മനുഷ്യരെ വീണ്ടും ഉയിര്‍ത്തെഴുന്നേല്‍പിക്കുമെന്നല്ലേ ഇസ്‌ലാം അവകാശപ്പെടുന്നത്? ഇത് വിശ്വസനീയമാണോ? മനുഷ്യബുദ്ധിക്ക് നിരക്കുന്നതാണോ?}{chapter.35}% 79
\BOOKMARK [0][-]{chapter.36}{പരലോകമുണ്ടെന്നതിന് തെളിവുണ്ടോ? }{}% 80
\BOOKMARK [1][-]{section.36.1}{മരണശേഷം നാം വീണ്ടും പുനരുജ്ജീവിപ്പിക്കപ്പെടുന്ന പരലോകമുണ്ടെന്നതിന് വല്ല തെളിവുമുണ്ടോ? ഉണ്ടെന്ന വിശ്വാസം തീര്‍ത്തും അയുക്തികമല്ലേ?}{chapter.36}% 81
\BOOKMARK [0][-]{chapter.37}{അദ്വൈതത്തെ അംഗീകരിക്കാത്തതെന്തുകൊണ്ട്? }{}% 82
\BOOKMARK [1][-]{section.37.1}{''അദ്വൈതസിദ്ധാന്തത്തെ ഇസ്‌ലാം അംഗീകരിക്കുന്നുണ്ടോ? ഇല്ലെങ്കില്‍ എന്തുകൊണ്ട്?''}{chapter.37}% 83
\BOOKMARK [0][-]{chapter.38}{കഅ്ബയിലെ കറുത്ത കല്ലും ശിലാപൂജയും}{}% 84
\BOOKMARK [1][-]{section.38.1}{വിഗ്രഹാരാധനയെ ശക്തമായെതിര്‍ക്കുന്ന മതമാണല്ലോ ഇസ്‌ലാം. എന്നിട്ടും കഅ്ബയില്‍ ഒരു കറുത്ത കല്ല് പ്രതിഷ്ഠിച്ചത് എന്തിനാണ്? മറ്റെല്ലാ ബിംബങ്ങളെയും എടുത്തുമാറ്റിയപ്പോള്‍ അതിനെ മാത്രം നിലനിര്‍ത്തിയത് എന്തിന്? ശിലാപൂജ ഇസ്‌ലാമിലും ഉണ്ടെന്നല്ലേ ഇത് വ്യക്തമാക്കുന്നത്? }{chapter.38}% 85
\BOOKMARK [1][-]{section.38.2}{ദിവ്യത്വം കല്‍പിക്കപ്പെടുന്ന ആരാധ്യവസ്തുവല്ലെങ്കില്‍ എന്തിനാണ് അതിനെ ചുംബിക്കുന്നത്? }{chapter.38}% 86
\BOOKMARK [0][-]{chapter.39}{ദൈവാവതാരം സത്യമോ മിഥ്യയോ? }{}% 87
\BOOKMARK [1][-]{section.39.1}{അവതാരസങ്കല്‍പത്തെ ഇസ്‌ലാം അംഗീകരിക്കുന്നില്ലെന്ന് താങ്കള്‍ പറഞ്ഞുവല്ലോ. ദൈവം വിവിധ രൂപേണ അവതരിക്കുമെന്ന വിശ്വാസം ഇസ്‌ലാമിന്ന് വിരുദ്ധമാണോ?'}{chapter.39}% 88
\BOOKMARK [0][-]{chapter.40}{ഇസ്‌ലാമും അഭൗതിക ജ്ഞാനവും }{}% 89
\BOOKMARK [1][-]{section.40.1}{''ലോകത്ത് ആര്‍ക്കും തന്റെ ഭാവിയെ സംബന്ധിച്ച് ഒന്നും അറിയുകയില്ലെന്ന് താങ്കള്‍ ആമുഖ ഭാഷണത്തില്‍ പറഞ്ഞു. എന്നാല്‍ ജനനസമയത്തെ നക്ഷത്രഘടനയുടെ അടിസ്ഥാനത്തില്‍ ജാതകഫലം പ്രവചിക്കാറുണ്ടല്ലോ. പ്രമുഖ ജ്യോതിഷിമാരുടെ പ്രവചനങ്ങള്‍ പലപ്പോഴും യാഥാര്‍ഥ്യമാവാറുണ്ട്. ഇതിനെക്കുറിച്ച് എന്തു പറയുന്നു?''}{chapter.40}% 90
\BOOKMARK [0][-]{chapter.41}{ദൈവത്തെ സൃഷ്ടിച്ചതാര്? }{}% 91
\BOOKMARK [1][-]{section.41.1}{ 'പ്രപഞ്ചത്തിന് ഒരു സ്രഷ്ടാവ് വേണമെന്നും ദൈവമാണ് അതിനെ സൃഷ്ടിച്ചതെന്നും നിങ്ങള്‍ മതവിശ്വാസികള്‍ പറയുന്നു. എന്നാല്‍ നിങ്ങളുടെ ദൈവത്തെ സൃഷ്ടിച്ചതാരാണ്? മതവും ദൈവവും വിശ്വാസകാര്യമാണെന്നും അതില്‍ യുക്തിക്ക് പ്രസക്തിയില്ലെന്നുമുള്ള പതിവു മറുപടിയല്ലാതെ വല്ലതും പറയാനുണ്ടോ?''}{chapter.41}% 92
\BOOKMARK [0][-]{chapter.42}{ദൈവം നീതിമാനോ? }{}% 93
\BOOKMARK [1][-]{section.42.1}{ദൈവം നീതിമാനാണെന്നാണല്ലോ പറഞ്ഞുവരുന്നത്. എന്നാല്‍ അനുഭവം മറിച്ചാണ്. മനുഷ്യരില്‍ ചിലര്‍ വികലാംഗരും മറ്റു ചിലര്‍ മന്ദബുദ്ധികളുമാണ്. ഇത് അവരോടു ചെയ്ത കടുത്ത അനീതിയല്ലേ?}{chapter.42}% 94
